# JRE version: Java(TM) SE Runtime Environment (8.0_31-b13) (build 1.8.0_31-b13)
# Java VM: Java HotSpot(TM) 64-Bit Server VM (25.31-b07 mixed mode bsd-amd64 compressed oops)
Heap:
 par new generation   total 314560K, used 216704K [0x0000000111000000, 0x0000000126550000, 0x0000000126550000)
  eden space 279616K,  67% used [0x0000000111000000, 0x000000011c7d4350, 0x0000000122110000)
  from space 34944K,  81% used [0x0000000122110000, 0x0000000123cdbdc8, 0x0000000124330000)
  to   space 34944K,   0% used [0x0000000124330000, 0x0000000124330000, 0x0000000126550000)
 concurrent mark-sweep generation total 699072K, used 318552K [0x0000000126550000, 0x0000000151000000, 0x0000000151000000)
 Metaspace       used 225360K, capacity 227091K, committed 246516K, reserved 1255424K
  class space    used 36421K, capacity 36909K, committed 41820K, reserved 1048576K
GC Heap History (10 events):
Event: 7761.918 GC heap before
{Heap before GC invocations=59 (full 4):
 par new generation   total 314560K, used 310549K [0x0000000111000000, 0x0000000126550000, 0x0000000126550000)
  eden space 279616K, 100% used [0x0000000111000000, 0x0000000122110000, 0x0000000122110000)
  from space 34944K,  88% used [0x0000000124330000, 0x0000000126165560, 0x0000000126550000)
  to   space 34944K,   0% used [0x0000000122110000, 0x0000000122110000, 0x0000000124330000)
 concurrent mark-sweep generation total 699072K, used 520119K [0x0000000126550000, 0x0000000151000000, 0x0000000151000000)
 Metaspace       used 243487K, capacity 245334K, committed 245748K, reserved 1255424K
  class space    used 38959K, capacity 39475K, committed 39516K, reserved 1048576K
Event: 7762.021 GC heap after
Heap after GC invocations=60 (full 4):
 par new generation   total 314560K, used 34944K [0x0000000111000000, 0x0000000126550000, 0x0000000126550000)
  eden space 279616K,   0% used [0x0000000111000000, 0x0000000111000000, 0x0000000122110000)
  from space 34944K, 100% used [0x0000000122110000, 0x0000000124330000, 0x0000000124330000)
  to   space 34944K,   0% used [0x0000000124330000, 0x0000000124330000, 0x0000000126550000)
 concurrent mark-sweep generation total 699072K, used 549313K [0x0000000126550000, 0x0000000151000000, 0x0000000151000000)
 Metaspace       used 243487K, capacity 245334K, committed 245748K, reserved 1255424K
  class space    used 38959K, capacity 39475K, committed 39516K, reserved 1048576K
}
Event: 7766.592 GC heap before
{Heap before GC invocations=60 (full 4):
 par new generation   total 314560K, used 314560K [0x0000000111000000, 0x0000000126550000, 0x0000000126550000)
  eden space 279616K, 100% used [0x0000000111000000, 0x0000000122110000, 0x0000000122110000)
  from space 34944K, 100% used [0x0000000122110000, 0x0000000124330000, 0x0000000124330000)
  to   space 34944K,   0% used [0x0000000124330000, 0x0000000124330000, 0x0000000126550000)
 concurrent mark-sweep generation total 699072K, used 549313K [0x0000000126550000, 0x0000000151000000, 0x0000000151000000)
 Metaspace       used 244134K, capacity 246006K, committed 246260K, reserved 1257472K
  class space    used 38987K, capacity 39507K, committed 39516K, reserved 1048576K
Event: 7766.673 GC heap after
Heap after GC invocations=61 (full 4):
 par new generation   total 314560K, used 32198K [0x0000000111000000, 0x0000000126550000, 0x0000000126550000)
  eden space 279616K,   0% used [0x0000000111000000, 0x0000000111000000, 0x0000000122110000)
  from space 34944K,  92% used [0x0000000124330000, 0x00000001262a1b18, 0x0000000126550000)
  to   space 34944K,   0% used [0x0000000122110000, 0x0000000122110000, 0x0000000124330000)
 concurrent mark-sweep generation total 699072K, used 584238K [0x0000000126550000, 0x0000000151000000, 0x0000000151000000)
 Metaspace       used 244134K, capacity 246006K, committed 246260K, reserved 1257472K
  class space    used 38987K, capacity 39507K, committed 39516K, reserved 1048576K
}
Event: 7771.930 GC heap before
{Heap before GC invocations=61 (full 4):
 par new generation   total 314560K, used 311814K [0x0000000111000000, 0x0000000126550000, 0x0000000126550000)
  eden space 279616K, 100% used [0x0000000111000000, 0x0000000122110000, 0x0000000122110000)
  from space 34944K,  92% used [0x0000000124330000, 0x00000001262a1b18, 0x0000000126550000)
  to   space 34944K,   0% used [0x0000000122110000, 0x0000000122110000, 0x0000000124330000)
 concurrent mark-sweep generation total 699072K, used 584238K [0x0000000126550000, 0x0000000151000000, 0x0000000151000000)
 Metaspace       used 244473K, capacity 246478K, committed 246900K, reserved 1257472K
  class space    used 39037K, capacity 39579K, committed 39644K, reserved 1048576K
Event: 7771.952 GC heap after
Heap after GC invocations=62 (full 4):
 par new generation   total 314560K, used 12253K [0x0000000111000000, 0x0000000126550000, 0x0000000126550000)
  eden space 279616K,   0% used [0x0000000111000000, 0x0000000111000000, 0x0000000122110000)
  from space 34944K,  35% used [0x0000000122110000, 0x0000000122d07430, 0x0000000124330000)
  to   space 34944K,   0% used [0x0000000124330000, 0x0000000124330000, 0x0000000126550000)
 concurrent mark-sweep generation total 699072K, used 584238K [0x0000000126550000, 0x0000000151000000, 0x0000000151000000)
 Metaspace       used 244473K, capacity 246478K, committed 246900K, reserved 1257472K
  class space    used 39037K, capacity 39579K, committed 39644K, reserved 1048576K
}
Event: 8196.119 GC heap before
{Heap before GC invocations=62 (full 4):
 par new generation   total 314560K, used 291869K [0x0000000111000000, 0x0000000126550000, 0x0000000126550000)
  eden space 279616K, 100% used [0x0000000111000000, 0x0000000122110000, 0x0000000122110000)
  from space 34944K,  35% used [0x0000000122110000, 0x0000000122d07430, 0x0000000124330000)
  to   space 34944K,   0% used [0x0000000124330000, 0x0000000124330000, 0x0000000126550000)
 concurrent mark-sweep generation total 699072K, used 584238K [0x0000000126550000, 0x0000000151000000, 0x0000000151000000)
 Metaspace       used 251676K, capacity 253756K, committed 253940K, reserved 1263616K
  class space    used 40386K, capacity 40976K, committed 41052K, reserved 1048576K
Event: 8196.210 GC heap after
Heap after GC invocations=63 (full 4):
 par new generation   total 314560K, used 34944K [0x0000000111000000, 0x0000000126550000, 0x0000000126550000)
  eden space 279616K,   0% used [0x0000000111000000, 0x0000000111000000, 0x0000000122110000)
  from space 34944K, 100% used [0x0000000124330000, 0x0000000126550000, 0x0000000126550000)
  to   space 34944K,   0% used [0x0000000122110000, 0x0000000122110000, 0x0000000124330000)
 concurrent mark-sweep generation total 699072K, used 623712K [0x0000000126550000, 0x0000000151000000, 0x0000000151000000)
 Metaspace       used 251676K, capacity 253756K, committed 253940K, reserved 1263616K
  class space    used 40386K, capacity 40976K, committed 41052K, reserved 1048576K
}
Event: 8198.260 GC heap before
{Heap before GC invocations=63 (full 5):
 par new generation   total 314560K, used 314392K [0x0000000111000000, 0x0000000126550000, 0x0000000126550000)
  eden space 279616K,  99% used [0x0000000111000000, 0x00000001220e60c0, 0x0000000122110000)
  from space 34944K, 100% used [0x0000000124330000, 0x0000000126550000, 0x0000000126550000)
  to   space 34944K,   0% used [0x0000000122110000, 0x0000000122110000, 0x0000000124330000)
 concurrent mark-sweep generation total 699072K, used 623712K [0x0000000126550000, 0x0000000151000000, 0x0000000151000000)
 Metaspace       used 252309K, capacity 254484K, committed 254580K, reserved 1263616K
  class space    used 40573K, capacity 41172K, committed 41180K, reserved 1048576K
Event: 8198.363 GC heap after
Heap after GC invocations=64 (full 5):
 par new generation   total 314560K, used 28463K [0x0000000111000000, 0x0000000126550000, 0x0000000126550000)
  eden space 279616K,   0% used [0x0000000111000000, 0x0000000111000000, 0x0000000122110000)
  from space 34944K,  81% used [0x0000000122110000, 0x0000000123cdbdc8, 0x0000000124330000)
  to   space 34944K,   0% used [0x0000000124330000, 0x0000000124330000, 0x0000000126550000)
 concurrent mark-sweep generation total 699072K, used 657762K [0x0000000126550000, 0x0000000151000000, 0x0000000151000000)
 Metaspace       used 252309K, capacity 254484K, committed 254580K, reserved 1263616K
  class space    used 40573K, capacity 41172K, committed 41180K, reserved 1048576K
}

